This file contains any messages produced by compilers while
running configure, to aid debugging if configure makes a mistake.

It was created by RootAnalysis configure 1.0, which was
generated by GNU Autoconf 2.69.  Invocation command line was

  $ ./configure --no-create --no-recursion

## --------- ##
## Platform. ##
## --------- ##

hostname = hpAK
uname -m = x86_64
uname -r = 3.12.9-301.fc20.x86_64
uname -s = Linux
uname -v = #1 SMP Wed Jan 29 15:56:22 UTC 2014

/usr/bin/uname -p = x86_64
/bin/uname -X     = unknown

/bin/arch              = x86_64
/usr/bin/arch -k       = unknown
/usr/convex/getsysinfo = unknown
/usr/bin/hostinfo      = unknown
/bin/machine           = unknown
/usr/bin/oslevel       = unknown
/bin/universe          = unknown

PATH: /usr/local/bin
PATH: /usr/bin
PATH: /bin
PATH: /usr/games
PATH: /usr/local/sbin
PATH: /usr/sbin
PATH: /home/akalinow/.local/bin
PATH: /home/akalinow/bin


## ----------- ##
## Core tests. ##
## ----------- ##

configure:2368: checking for gcc
configure:2384: found /usr/bin/gcc
configure:2395: result: gcc
configure:2624: checking for C compiler version
configure:2633: gcc --version >&5
gcc (GCC) 4.8.2 20131212 (Red Hat 4.8.2-7)
Copyright (C) 2013 Free Software Foundation, Inc.
This is free software; see the source for copying conditions.  There is NO
warranty; not even for MERCHANTABILITY or FITNESS FOR A PARTICULAR PURPOSE.

configure:2644: $? = 0
configure:2633: gcc -v >&5
Using built-in specs.
COLLECT_GCC=gcc
COLLECT_LTO_WRAPPER=/usr/libexec/gcc/x86_64-redhat-linux/4.8.2/lto-wrapper
Target: x86_64-redhat-linux
Configured with: ../configure --prefix=/usr --mandir=/usr/share/man --infodir=/usr/share/info --with-bugurl=http://bugzilla.redhat.com/bugzilla --enable-bootstrap --enable-shared --enable-threads=posix --enable-checking=release --with-system-zlib --enable-__cxa_atexit --disable-libunwind-exceptions --enable-gnu-unique-object --enable-linker-build-id --with-linker-hash-style=gnu --enable-languages=c,c++,objc,obj-c++,java,fortran,ada,go,lto --enable-plugin --enable-initfini-array --enable-java-awt=gtk --disable-dssi --with-java-home=/usr/lib/jvm/java-1.5.0-gcj-1.5.0.0/jre --enable-libgcj-multifile --enable-java-maintainer-mode --with-ecj-jar=/usr/share/java/eclipse-ecj.jar --disable-libjava-multilib --with-isl=/builddir/build/BUILD/gcc-4.8.2-20131212/obj-x86_64-redhat-linux/isl-install --with-cloog=/builddir/build/BUILD/gcc-4.8.2-20131212/obj-x86_64-redhat-linux/cloog-install --with-tune=generic --with-arch_32=i686 --build=x86_64-redhat-linux
Thread model: posix
gcc version 4.8.2 20131212 (Red Hat 4.8.2-7) (GCC) 
configure:2644: $? = 0
configure:2633: gcc -V >&5
gcc: error: unrecognized command line option '-V'
gcc: fatal error: no input files
compilation terminated.
configure:2644: $? = 4
configure:2633: gcc -qversion >&5
gcc: error: unrecognized command line option '-qversion'
gcc: fatal error: no input files
compilation terminated.
configure:2644: $? = 4
configure:2664: checking whether the C compiler works
configure:2686: gcc    conftest.c  >&5
configure:2690: $? = 0
configure:2738: result: yes
configure:2741: checking for C compiler default output file name
configure:2743: result: a.out
configure:2749: checking for suffix of executables
configure:2756: gcc -o conftest    conftest.c  >&5
configure:2760: $? = 0
configure:2782: result: 
configure:2804: checking whether we are cross compiling
configure:2812: gcc -o conftest    conftest.c  >&5
configure:2816: $? = 0
configure:2823: ./conftest
configure:2827: $? = 0
configure:2842: result: no
configure:2847: checking for suffix of object files
configure:2869: gcc -c   conftest.c >&5
configure:2873: $? = 0
configure:2894: result: o
configure:2898: checking whether we are using the GNU C compiler
configure:2917: gcc -c   conftest.c >&5
configure:2917: $? = 0
configure:2926: result: yes
configure:2935: checking whether gcc accepts -g
configure:2955: gcc -c -g  conftest.c >&5
configure:2955: $? = 0
configure:2996: result: yes
configure:3013: checking for gcc option to accept ISO C89
configure:3076: gcc  -c -g -O2  conftest.c >&5
configure:3076: $? = 0
configure:3089: result: none needed
configure:3167: checking for g++
configure:3183: found /usr/bin/g++
configure:3194: result: g++
configure:3221: checking for C++ compiler version
configure:3230: g++ --version >&5
g++ (GCC) 4.8.2 20131212 (Red Hat 4.8.2-7)
Copyright (C) 2013 Free Software Foundation, Inc.
This is free software; see the source for copying conditions.  There is NO
warranty; not even for MERCHANTABILITY or FITNESS FOR A PARTICULAR PURPOSE.

configure:3241: $? = 0
configure:3230: g++ -v >&5
Using built-in specs.
COLLECT_GCC=g++
COLLECT_LTO_WRAPPER=/usr/libexec/gcc/x86_64-redhat-linux/4.8.2/lto-wrapper
Target: x86_64-redhat-linux
Configured with: ../configure --prefix=/usr --mandir=/usr/share/man --infodir=/usr/share/info --with-bugurl=http://bugzilla.redhat.com/bugzilla --enable-bootstrap --enable-shared --enable-threads=posix --enable-checking=release --with-system-zlib --enable-__cxa_atexit --disable-libunwind-exceptions --enable-gnu-unique-object --enable-linker-build-id --with-linker-hash-style=gnu --enable-languages=c,c++,objc,obj-c++,java,fortran,ada,go,lto --enable-plugin --enable-initfini-array --enable-java-awt=gtk --disable-dssi --with-java-home=/usr/lib/jvm/java-1.5.0-gcj-1.5.0.0/jre --enable-libgcj-multifile --enable-java-maintainer-mode --with-ecj-jar=/usr/share/java/eclipse-ecj.jar --disable-libjava-multilib --with-isl=/builddir/build/BUILD/gcc-4.8.2-20131212/obj-x86_64-redhat-linux/isl-install --with-cloog=/builddir/build/BUILD/gcc-4.8.2-20131212/obj-x86_64-redhat-linux/cloog-install --with-tune=generic --with-arch_32=i686 --build=x86_64-redhat-linux
Thread model: posix
gcc version 4.8.2 20131212 (Red Hat 4.8.2-7) (GCC) 
configure:3241: $? = 0
configure:3230: g++ -V >&5
g++: error: unrecognized command line option '-V'
g++: fatal error: no input files
compilation terminated.
configure:3241: $? = 4
configure:3230: g++ -qversion >&5
g++: error: unrecognized command line option '-qversion'
g++: fatal error: no input files
compilation terminated.
configure:3241: $? = 4
configure:3245: checking whether we are using the GNU C++ compiler
configure:3264: g++ -c   conftest.cpp >&5
configure:3264: $? = 0
configure:3273: result: yes
configure:3282: checking whether g++ accepts -g
configure:3302: g++ -c -g  conftest.cpp >&5
configure:3302: $? = 0
configure:3343: result: yes
configure:3400: checking build system type
configure:3414: result: x86_64-unknown-linux-gnu
configure:3434: checking host system type
configure:3447: result: x86_64-unknown-linux-gnu
configure:3467: checking target system type
configure:3480: result: x86_64-unknown-linux-gnu
configure:3510: checking for mkdir
configure:3510: gcc -o conftest -g -O2   conftest.c  >&5
configure:3510: $? = 0
configure:3510: result: yes
configure:3524: checking how to run the C preprocessor
configure:3555: gcc -E  conftest.c
configure:3555: $? = 0
configure:3569: gcc -E  conftest.c
conftest.c:10:28: fatal error: ac_nonexistent.h: No such file or directory
 #include <ac_nonexistent.h>
                            ^
compilation terminated.
configure:3569: $? = 1
configure: failed program was:
| /* confdefs.h */
| #define PACKAGE_NAME "RootAnalysis"
| #define PACKAGE_TARNAME "rootanalysis"
| #define PACKAGE_VERSION "1.0"
| #define PACKAGE_STRING "RootAnalysis 1.0"
| #define PACKAGE_BUGREPORT ""
| #define PACKAGE_URL ""
| #define HAVE_MKDIR 1
| /* end confdefs.h.  */
| #include <ac_nonexistent.h>
configure:3594: result: gcc -E
configure:3614: gcc -E  conftest.c
configure:3614: $? = 0
configure:3628: gcc -E  conftest.c
conftest.c:10:28: fatal error: ac_nonexistent.h: No such file or directory
 #include <ac_nonexistent.h>
                            ^
compilation terminated.
configure:3628: $? = 1
configure: failed program was:
| /* confdefs.h */
| #define PACKAGE_NAME "RootAnalysis"
| #define PACKAGE_TARNAME "rootanalysis"
| #define PACKAGE_VERSION "1.0"
| #define PACKAGE_STRING "RootAnalysis 1.0"
| #define PACKAGE_BUGREPORT ""
| #define PACKAGE_URL ""
| #define HAVE_MKDIR 1
| /* end confdefs.h.  */
| #include <ac_nonexistent.h>
configure:3657: checking for grep that handles long lines and -e
configure:3715: result: /usr/bin/grep
configure:3720: checking for egrep
configure:3782: result: /usr/bin/grep -E
configure:3787: checking for ANSI C header files
configure:3807: gcc -c -g -O2  conftest.c >&5
configure:3807: $? = 0
configure:3880: gcc -o conftest -g -O2   conftest.c  >&5
configure:3880: $? = 0
configure:3880: ./conftest
configure:3880: $? = 0
configure:3891: result: yes
configure:3904: checking for sys/types.h
configure:3904: gcc -c -g -O2  conftest.c >&5
configure:3904: $? = 0
configure:3904: result: yes
configure:3904: checking for sys/stat.h
configure:3904: gcc -c -g -O2  conftest.c >&5
configure:3904: $? = 0
configure:3904: result: yes
configure:3904: checking for stdlib.h
configure:3904: gcc -c -g -O2  conftest.c >&5
configure:3904: $? = 0
configure:3904: result: yes
configure:3904: checking for string.h
configure:3904: gcc -c -g -O2  conftest.c >&5
configure:3904: $? = 0
configure:3904: result: yes
configure:3904: checking for memory.h
configure:3904: gcc -c -g -O2  conftest.c >&5
configure:3904: $? = 0
configure:3904: result: yes
configure:3904: checking for strings.h
configure:3904: gcc -c -g -O2  conftest.c >&5
configure:3904: $? = 0
configure:3904: result: yes
configure:3904: checking for inttypes.h
configure:3904: gcc -c -g -O2  conftest.c >&5
configure:3904: $? = 0
configure:3904: result: yes
configure:3904: checking for stdint.h
configure:3904: gcc -c -g -O2  conftest.c >&5
configure:3904: $? = 0
configure:3904: result: yes
configure:3904: checking for unistd.h
configure:3904: gcc -c -g -O2  conftest.c >&5
configure:3904: $? = 0
configure:3904: result: yes
configure:3916: checking for stdbool.h that conforms to C99
configure:3983: gcc -c -g -O2  conftest.c >&5
configure:3983: $? = 0
configure:3990: result: yes
configure:3992: checking for _Bool
configure:3992: gcc -c -g -O2  conftest.c >&5
configure:3992: $? = 0
configure:3992: gcc -c -g -O2  conftest.c >&5
conftest.c: In function 'main':
conftest.c:56:20: error: expected expression before ')' token
 if (sizeof ((_Bool)))
                    ^
configure:3992: $? = 1
configure: failed program was:
| /* confdefs.h */
| #define PACKAGE_NAME "RootAnalysis"
| #define PACKAGE_TARNAME "rootanalysis"
| #define PACKAGE_VERSION "1.0"
| #define PACKAGE_STRING "RootAnalysis 1.0"
| #define PACKAGE_BUGREPORT ""
| #define PACKAGE_URL ""
| #define HAVE_MKDIR 1
| #define STDC_HEADERS 1
| #define HAVE_SYS_TYPES_H 1
| #define HAVE_SYS_STAT_H 1
| #define HAVE_STDLIB_H 1
| #define HAVE_STRING_H 1
| #define HAVE_MEMORY_H 1
| #define HAVE_STRINGS_H 1
| #define HAVE_INTTYPES_H 1
| #define HAVE_STDINT_H 1
| #define HAVE_UNISTD_H 1
| /* end confdefs.h.  */
| #include <stdio.h>
| #ifdef HAVE_SYS_TYPES_H
| # include <sys/types.h>
| #endif
| #ifdef HAVE_SYS_STAT_H
| # include <sys/stat.h>
| #endif
| #ifdef STDC_HEADERS
| # include <stdlib.h>
| # include <stddef.h>
| #else
| # ifdef HAVE_STDLIB_H
| #  include <stdlib.h>
| # endif
| #endif
| #ifdef HAVE_STRING_H
| # if !defined STDC_HEADERS && defined HAVE_MEMORY_H
| #  include <memory.h>
| # endif
| # include <string.h>
| #endif
| #ifdef HAVE_STRINGS_H
| # include <strings.h>
| #endif
| #ifdef HAVE_INTTYPES_H
| # include <inttypes.h>
| #endif
| #ifdef HAVE_STDINT_H
| # include <stdint.h>
| #endif
| #ifdef HAVE_UNISTD_H
| # include <unistd.h>
| #endif
| int
| main ()
| {
| if (sizeof ((_Bool)))
| 	    return 0;
|   ;
|   return 0;
| }
configure:3992: result: yes
configure:4003: checking for size_t
configure:4003: gcc -c -g -O2  conftest.c >&5
configure:4003: $? = 0
configure:4003: gcc -c -g -O2  conftest.c >&5
conftest.c: In function 'main':
conftest.c:57:21: error: expected expression before ')' token
 if (sizeof ((size_t)))
                     ^
configure:4003: $? = 1
configure: failed program was:
| /* confdefs.h */
| #define PACKAGE_NAME "RootAnalysis"
| #define PACKAGE_TARNAME "rootanalysis"
| #define PACKAGE_VERSION "1.0"
| #define PACKAGE_STRING "RootAnalysis 1.0"
| #define PACKAGE_BUGREPORT ""
| #define PACKAGE_URL ""
| #define HAVE_MKDIR 1
| #define STDC_HEADERS 1
| #define HAVE_SYS_TYPES_H 1
| #define HAVE_SYS_STAT_H 1
| #define HAVE_STDLIB_H 1
| #define HAVE_STRING_H 1
| #define HAVE_MEMORY_H 1
| #define HAVE_STRINGS_H 1
| #define HAVE_INTTYPES_H 1
| #define HAVE_STDINT_H 1
| #define HAVE_UNISTD_H 1
| #define HAVE__BOOL 1
| /* end confdefs.h.  */
| #include <stdio.h>
| #ifdef HAVE_SYS_TYPES_H
| # include <sys/types.h>
| #endif
| #ifdef HAVE_SYS_STAT_H
| # include <sys/stat.h>
| #endif
| #ifdef STDC_HEADERS
| # include <stdlib.h>
| # include <stddef.h>
| #else
| # ifdef HAVE_STDLIB_H
| #  include <stdlib.h>
| # endif
| #endif
| #ifdef HAVE_STRING_H
| # if !defined STDC_HEADERS && defined HAVE_MEMORY_H
| #  include <memory.h>
| # endif
| # include <string.h>
| #endif
| #ifdef HAVE_STRINGS_H
| # include <strings.h>
| #endif
| #ifdef HAVE_INTTYPES_H
| # include <inttypes.h>
| #endif
| #ifdef HAVE_STDINT_H
| # include <stdint.h>
| #endif
| #ifdef HAVE_UNISTD_H
| # include <unistd.h>
| #endif
| int
| main ()
| {
| if (sizeof ((size_t)))
| 	    return 0;
|   ;
|   return 0;
| }
configure:4003: result: yes
configure:4033: checking for root-config
configure:4051: found /usr/bin/root-config
configure:4064: result: /usr/bin/root-config
configure:4074: checking for root
configure:4092: found /usr/bin/root
configure:4105: result: /usr/bin/root
configure:4115: checking for rootcint
configure:4133: found /usr/bin/rootcint
configure:4146: result: /usr/bin/rootcint
configure:4225: checking for a BSD-compatible install
configure:4293: result: /usr/bin/install -c
configure:4304: checking whether build environment is sane
configure:4359: result: yes
configure:4510: checking for a thread-safe mkdir -p
configure:4549: result: /usr/bin/mkdir -p
configure:4556: checking for gawk
configure:4572: found /usr/bin/gawk
configure:4583: result: gawk
configure:4594: checking whether make sets $(MAKE)
configure:4616: result: yes
configure:4646: checking for style of include used by make
configure:4674: result: GNU
configure:4708: checking whether make supports nested variables
configure:4725: result: yes
configure:4810: checking dependency style of gcc
configure:4921: result: gcc3
configure:4938: checking dependency style of g++
configure:5049: result: gcc3
configure:5067: checking whether gcc and cc understand -c and -o together
configure:5098: gcc -c conftest.c -o conftest2.o >&5
configure:5102: $? = 0
configure:5108: gcc -c conftest.c -o conftest2.o >&5
configure:5112: $? = 0
configure:5123: cc -c conftest.c >&5
configure:5127: $? = 0
configure:5135: cc -c conftest.c -o conftest2.o >&5
configure:5139: $? = 0
configure:5145: cc -c conftest.c -o conftest2.o >&5
configure:5149: $? = 0
configure:5167: result: yes
configure:5239: checking how to print strings
configure:5266: result: printf
configure:5287: checking for a sed that does not truncate output
configure:5351: result: /usr/bin/sed
configure:5369: checking for fgrep
configure:5431: result: /usr/bin/grep -F
configure:5466: checking for ld used by gcc
configure:5533: result: /usr/bin/ld
configure:5540: checking if the linker (/usr/bin/ld) is GNU ld
configure:5555: result: yes
configure:5567: checking for BSD- or MS-compatible name lister (nm)
configure:5616: result: /usr/bin/nm -B
configure:5746: checking the name lister (/usr/bin/nm -B) interface
configure:5753: gcc -c -g -O2  conftest.c >&5
configure:5756: /usr/bin/nm -B "conftest.o"
configure:5759: output
0000000000000000 B some_variable
configure:5766: result: BSD nm
configure:5769: checking whether ln -s works
configure:5773: result: yes
configure:5781: checking the maximum length of command line arguments
configure:5911: result: 1572864
configure:5928: checking whether the shell understands some XSI constructs
configure:5938: result: yes
configure:5942: checking whether the shell understands "+="
configure:5948: result: yes
configure:5983: checking how to convert x86_64-unknown-linux-gnu file names to x86_64-unknown-linux-gnu format
configure:6023: result: func_convert_file_noop
configure:6030: checking how to convert x86_64-unknown-linux-gnu file names to toolchain format
configure:6050: result: func_convert_file_noop
configure:6057: checking for /usr/bin/ld option to reload object files
configure:6064: result: -r
configure:6138: checking for objdump
configure:6154: found /usr/bin/objdump
configure:6165: result: objdump
configure:6197: checking how to recognize dependent libraries
configure:6399: result: pass_all
configure:6484: checking for dlltool
configure:6514: result: no
configure:6544: checking how to associate runtime and link libraries
configure:6571: result: printf %s\n
configure:6631: checking for ar
configure:6647: found /usr/bin/ar
configure:6658: result: ar
configure:6695: checking for archiver @FILE support
configure:6712: gcc -c -g -O2  conftest.c >&5
configure:6712: $? = 0
configure:6715: ar cru libconftest.a @conftest.lst >&5
configure:6718: $? = 0
configure:6723: ar cru libconftest.a @conftest.lst >&5
ar: conftest.o: No such file or directory
configure:6726: $? = 1
configure:6738: result: @
configure:6796: checking for strip
configure:6812: found /usr/bin/strip
configure:6823: result: strip
configure:6895: checking for ranlib
configure:6911: found /usr/bin/ranlib
configure:6922: result: ranlib
configure:7024: checking command to parse /usr/bin/nm -B output from gcc object
configure:7144: gcc -c -g -O2  conftest.c >&5
configure:7147: $? = 0
configure:7151: /usr/bin/nm -B conftest.o \| sed -n -e 's/^.*[ ]\([ABCDGIRSTW][ABCDGIRSTW]*\)[ ][ ]*\([_A-Za-z][_A-Za-z0-9]*\)$/\1 \2 \2/p' | sed '/ __gnu_lto/d' \> conftest.nm
configure:7154: $? = 0
configure:7220: gcc -o conftest -g -O2   conftest.c conftstm.o >&5
configure:7223: $? = 0
configure:7261: result: ok
configure:7298: checking for sysroot
configure:7328: result: no
configure:7405: gcc -c -g -O2  conftest.c >&5
configure:7408: $? = 0
configure:7590: checking for mt
configure:7620: result: no
configure:7640: checking if : is a manifest tool
configure:7646: : '-?'
configure:7654: result: no
configure:8293: checking for dlfcn.h
configure:8293: gcc -c -g -O2  conftest.c >&5
configure:8293: $? = 0
configure:8293: result: yes
configure:8510: checking for objdir
configure:8525: result: .libs
configure:8792: checking if gcc supports -fno-rtti -fno-exceptions
configure:8810: gcc -c -g -O2  -fno-rtti -fno-exceptions conftest.c >&5
cc1: warning: command line option '-fno-rtti' is valid for C++/ObjC++ but not for C [enabled by default]
configure:8814: $? = 0
configure:8827: result: no
configure:9154: checking for gcc option to produce PIC
configure:9161: result: -fPIC -DPIC
configure:9169: checking if gcc PIC flag -fPIC -DPIC works
configure:9187: gcc -c -g -O2  -fPIC -DPIC -DPIC conftest.c >&5
configure:9191: $? = 0
configure:9204: result: yes
configure:9233: checking if gcc static flag -static works
configure:9261: result: no
configure:9276: checking if gcc supports -c -o file.o
configure:9297: gcc -c -g -O2  -o out/conftest2.o conftest.c >&5
configure:9301: $? = 0
configure:9323: result: yes
configure:9331: checking if gcc supports -c -o file.o
configure:9378: result: yes
configure:9411: checking whether the gcc linker (/usr/bin/ld -m elf_x86_64) supports shared libraries
configure:10564: result: yes
configure:10601: checking whether -lc should be explicitly linked in
configure:10609: gcc -c -g -O2  conftest.c >&5
configure:10612: $? = 0
configure:10627: gcc -shared  -fPIC -DPIC conftest.o  -v -Wl,-soname -Wl,conftest -o conftest 2\>\&1 \| /usr/bin/grep  -lc  \>/dev/null 2\>\&1
configure:10630: $? = 0
configure:10644: result: no
configure:10804: checking dynamic linker characteristics
configure:11315: gcc -o conftest -g -O2   -Wl,-rpath -Wl,/foo conftest.c  >&5
configure:11315: $? = 0
configure:11541: result: GNU/Linux ld.so
configure:11648: checking how to hardcode library paths into programs
configure:11673: result: immediate
configure:12213: checking whether stripping libraries is possible
configure:12218: result: yes
configure:12253: checking if libtool supports shared libraries
configure:12255: result: yes
configure:12258: checking whether to build shared libraries
configure:12279: result: yes
configure:12282: checking whether to build static libraries
configure:12286: result: yes
configure:12309: checking how to run the C++ preprocessor
configure:12336: g++ -E  conftest.cpp
configure:12336: $? = 0
configure:12350: g++ -E  conftest.cpp
conftest.cpp:25:28: fatal error: ac_nonexistent.h: No such file or directory
 #include <ac_nonexistent.h>
                            ^
compilation terminated.
configure:12350: $? = 1
configure: failed program was:
| /* confdefs.h */
| #define PACKAGE_NAME "RootAnalysis"
| #define PACKAGE_TARNAME "rootanalysis"
| #define PACKAGE_VERSION "1.0"
| #define PACKAGE_STRING "RootAnalysis 1.0"
| #define PACKAGE_BUGREPORT ""
| #define PACKAGE_URL ""
| #define HAVE_MKDIR 1
| #define STDC_HEADERS 1
| #define HAVE_SYS_TYPES_H 1
| #define HAVE_SYS_STAT_H 1
| #define HAVE_STDLIB_H 1
| #define HAVE_STRING_H 1
| #define HAVE_MEMORY_H 1
| #define HAVE_STRINGS_H 1
| #define HAVE_INTTYPES_H 1
| #define HAVE_STDINT_H 1
| #define HAVE_UNISTD_H 1
| #define HAVE__BOOL 1
| #define PACKAGE "rootanalysis"
| #define VERSION "1.0"
| #define HAVE_DLFCN_H 1
| #define LT_OBJDIR ".libs/"
| /* end confdefs.h.  */
| #include <ac_nonexistent.h>
configure:12375: result: g++ -E
configure:12395: g++ -E  conftest.cpp
configure:12395: $? = 0
configure:12409: g++ -E  conftest.cpp
conftest.cpp:25:28: fatal error: ac_nonexistent.h: No such file or directory
 #include <ac_nonexistent.h>
                            ^
compilation terminated.
configure:12409: $? = 1
configure: failed program was:
| /* confdefs.h */
| #define PACKAGE_NAME "RootAnalysis"
| #define PACKAGE_TARNAME "rootanalysis"
| #define PACKAGE_VERSION "1.0"
| #define PACKAGE_STRING "RootAnalysis 1.0"
| #define PACKAGE_BUGREPORT ""
| #define PACKAGE_URL ""
| #define HAVE_MKDIR 1
| #define STDC_HEADERS 1
| #define HAVE_SYS_TYPES_H 1
| #define HAVE_SYS_STAT_H 1
| #define HAVE_STDLIB_H 1
| #define HAVE_STRING_H 1
| #define HAVE_MEMORY_H 1
| #define HAVE_STRINGS_H 1
| #define HAVE_INTTYPES_H 1
| #define HAVE_STDINT_H 1
| #define HAVE_UNISTD_H 1
| #define HAVE__BOOL 1
| #define PACKAGE "rootanalysis"
| #define VERSION "1.0"
| #define HAVE_DLFCN_H 1
| #define LT_OBJDIR ".libs/"
| /* end confdefs.h.  */
| #include <ac_nonexistent.h>
configure:12578: checking for ld used by g++
configure:12645: result: /usr/bin/ld -m elf_x86_64
configure:12652: checking if the linker (/usr/bin/ld -m elf_x86_64) is GNU ld
configure:12667: result: yes
configure:12722: checking whether the g++ linker (/usr/bin/ld -m elf_x86_64) supports shared libraries
configure:13727: result: yes
configure:13763: g++ -c -g -O2  conftest.cpp >&5
configure:13766: $? = 0
configure:14286: checking for g++ option to produce PIC
configure:14293: result: -fPIC -DPIC
configure:14301: checking if g++ PIC flag -fPIC -DPIC works
configure:14319: g++ -c -g -O2  -fPIC -DPIC -DPIC conftest.cpp >&5
configure:14323: $? = 0
configure:14336: result: yes
configure:14359: checking if g++ static flag -static works
configure:14387: result: no
configure:14399: checking if g++ supports -c -o file.o
configure:14420: g++ -c -g -O2  -o out/conftest2.o conftest.cpp >&5
configure:14424: $? = 0
configure:14446: result: yes
configure:14451: checking if g++ supports -c -o file.o
configure:14498: result: yes
configure:14528: checking whether the g++ linker (/usr/bin/ld -m elf_x86_64) supports shared libraries
configure:14564: result: yes
configure:14705: checking dynamic linker characteristics
configure:15376: result: GNU/Linux ld.so
configure:15429: checking how to hardcode library paths into programs
configure:15454: result: immediate
configure:15665: checking that generated files are newer than configure
configure:15671: result: done
configure:15698: creating ./config.status

## ---------------- ##
## Cache variables. ##
## ---------------- ##

ac_cv_build=x86_64-unknown-linux-gnu
ac_cv_c_compiler_gnu=yes
ac_cv_cxx_compiler_gnu=yes
ac_cv_env_CCC_set=
ac_cv_env_CCC_value=
ac_cv_env_CC_set=
ac_cv_env_CC_value=
ac_cv_env_CFLAGS_set=
ac_cv_env_CFLAGS_value=
ac_cv_env_CPPFLAGS_set=
ac_cv_env_CPPFLAGS_value=
ac_cv_env_CPP_set=
ac_cv_env_CPP_value=
ac_cv_env_CXXCPP_set=
ac_cv_env_CXXCPP_value=
ac_cv_env_CXXFLAGS_set=
ac_cv_env_CXXFLAGS_value=
ac_cv_env_CXX_set=
ac_cv_env_CXX_value=
ac_cv_env_LDFLAGS_set=
ac_cv_env_LDFLAGS_value=
ac_cv_env_LIBS_set=
ac_cv_env_LIBS_value=
ac_cv_env_build_alias_set=
ac_cv_env_build_alias_value=
ac_cv_env_host_alias_set=
ac_cv_env_host_alias_value=
ac_cv_env_target_alias_set=
ac_cv_env_target_alias_value=
ac_cv_func_mkdir=yes
ac_cv_header_dlfcn_h=yes
ac_cv_header_inttypes_h=yes
ac_cv_header_memory_h=yes
ac_cv_header_stdbool_h=yes
ac_cv_header_stdc=yes
ac_cv_header_stdint_h=yes
ac_cv_header_stdlib_h=yes
ac_cv_header_string_h=yes
ac_cv_header_strings_h=yes
ac_cv_header_sys_stat_h=yes
ac_cv_header_sys_types_h=yes
ac_cv_header_unistd_h=yes
ac_cv_host=x86_64-unknown-linux-gnu
ac_cv_objext=o
ac_cv_path_EGREP='/usr/bin/grep -E'
ac_cv_path_FGREP='/usr/bin/grep -F'
ac_cv_path_GREP=/usr/bin/grep
ac_cv_path_ROOTCINT=/usr/bin/rootcint
ac_cv_path_ROOTCONF=/usr/bin/root-config
ac_cv_path_ROOTEXEC=/usr/bin/root
ac_cv_path_SED=/usr/bin/sed
ac_cv_path_install='/usr/bin/install -c'
ac_cv_path_mkdir=/usr/bin/mkdir
ac_cv_prog_AWK=gawk
ac_cv_prog_CPP='gcc -E'
ac_cv_prog_CXXCPP='g++ -E'
ac_cv_prog_ac_ct_AR=ar
ac_cv_prog_ac_ct_CC=gcc
ac_cv_prog_ac_ct_CXX=g++
ac_cv_prog_ac_ct_OBJDUMP=objdump
ac_cv_prog_ac_ct_RANLIB=ranlib
ac_cv_prog_ac_ct_STRIP=strip
ac_cv_prog_cc_c89=
ac_cv_prog_cc_g=yes
ac_cv_prog_cc_gcc_c_o=yes
ac_cv_prog_cxx_g=yes
ac_cv_prog_make_make_set=yes
ac_cv_target=x86_64-unknown-linux-gnu
ac_cv_type__Bool=yes
ac_cv_type_size_t=yes
am_cv_CC_dependencies_compiler_type=gcc3
am_cv_CXX_dependencies_compiler_type=gcc3
am_cv_make_support_nested_variables=yes
lt_cv_ar_at_file=@
lt_cv_archive_cmds_need_lc=no
lt_cv_deplibs_check_method=pass_all
lt_cv_file_magic_cmd='$MAGIC_CMD'
lt_cv_file_magic_test_file=
lt_cv_ld_reload_flag=-r
lt_cv_nm_interface='BSD nm'
lt_cv_objdir=.libs
lt_cv_path_LD=/usr/bin/ld
lt_cv_path_LDCXX='/usr/bin/ld -m elf_x86_64'
lt_cv_path_NM='/usr/bin/nm -B'
lt_cv_path_mainfest_tool=no
lt_cv_prog_compiler_c_o=yes
lt_cv_prog_compiler_c_o_CXX=yes
lt_cv_prog_compiler_pic='-fPIC -DPIC'
lt_cv_prog_compiler_pic_CXX='-fPIC -DPIC'
lt_cv_prog_compiler_pic_works=yes
lt_cv_prog_compiler_pic_works_CXX=yes
lt_cv_prog_compiler_rtti_exceptions=no
lt_cv_prog_compiler_static_works=no
lt_cv_prog_compiler_static_works_CXX=no
lt_cv_prog_gnu_ld=yes
lt_cv_prog_gnu_ldcxx=yes
lt_cv_sharedlib_from_linklib_cmd='printf %s\n'
lt_cv_shlibpath_overrides_runpath=no
lt_cv_sys_global_symbol_pipe='sed -n -e '\''s/^.*[	 ]\([ABCDGIRSTW][ABCDGIRSTW]*\)[	 ][	 ]*\([_A-Za-z][_A-Za-z0-9]*\)$/\1 \2 \2/p'\'' | sed '\''/ __gnu_lto/d'\'''
lt_cv_sys_global_symbol_to_c_name_address='sed -n -e '\''s/^: \([^ ]*\)[ ]*$/  {\"\1\", (void *) 0},/p'\'' -e '\''s/^[ABCDGIRSTW]* \([^ ]*\) \([^ ]*\)$/  {"\2", (void *) \&\2},/p'\'''
lt_cv_sys_global_symbol_to_c_name_address_lib_prefix='sed -n -e '\''s/^: \([^ ]*\)[ ]*$/  {\"\1\", (void *) 0},/p'\'' -e '\''s/^[ABCDGIRSTW]* \([^ ]*\) \(lib[^ ]*\)$/  {"\2", (void *) \&\2},/p'\'' -e '\''s/^[ABCDGIRSTW]* \([^ ]*\) \([^ ]*\)$/  {"lib\2", (void *) \&\2},/p'\'''
lt_cv_sys_global_symbol_to_cdecl='sed -n -e '\''s/^T .* \(.*\)$/extern int \1();/p'\'' -e '\''s/^[ABCDGIRSTW]* .* \(.*\)$/extern char \1;/p'\'''
lt_cv_sys_max_cmd_len=1572864
lt_cv_to_host_file_cmd=func_convert_file_noop
lt_cv_to_tool_file_cmd=func_convert_file_noop

## ----------------- ##
## Output variables. ##
## ----------------- ##

ACLOCAL='${SHELL} /home/akalinow/scratch/EclipseWorkspace/RootAnalysis/missing aclocal-1.13'
AMDEPBACKSLASH='\'
AMDEP_FALSE='#'
AMDEP_TRUE=''
AMTAR='$${TAR-tar}'
AM_BACKSLASH='\'
AM_DEFAULT_V='$(AM_DEFAULT_VERBOSITY)'
AM_DEFAULT_VERBOSITY='1'
AM_V='$(V)'
AR='ar'
AUTOCONF='${SHELL} /home/akalinow/scratch/EclipseWorkspace/RootAnalysis/missing autoconf'
AUTOHEADER='${SHELL} /home/akalinow/scratch/EclipseWorkspace/RootAnalysis/missing autoheader'
AUTOMAKE='${SHELL} /home/akalinow/scratch/EclipseWorkspace/RootAnalysis/missing automake-1.13'
AWK='gawk'
CC='gcc'
CCDEPMODE='depmode=gcc3'
CFLAGS='-g -O2'
CPP='gcc -E'
CPPFLAGS=''
CXX='g++'
CXXCPP='g++ -E'
CXXDEPMODE='depmode=gcc3'
CXXFLAGS='-g -O2'
CYGPATH_W='echo'
DEFS='-DPACKAGE_NAME=\"RootAnalysis\" -DPACKAGE_TARNAME=\"rootanalysis\" -DPACKAGE_VERSION=\"1.0\" -DPACKAGE_STRING=\"RootAnalysis\ 1.0\" -DPACKAGE_BUGREPORT=\"\" -DPACKAGE_URL=\"\" -DHAVE_MKDIR=1 -DSTDC_HEADERS=1 -DHAVE_SYS_TYPES_H=1 -DHAVE_SYS_STAT_H=1 -DHAVE_STDLIB_H=1 -DHAVE_STRING_H=1 -DHAVE_MEMORY_H=1 -DHAVE_STRINGS_H=1 -DHAVE_INTTYPES_H=1 -DHAVE_STDINT_H=1 -DHAVE_UNISTD_H=1 -DHAVE__BOOL=1 -DPACKAGE=\"rootanalysis\" -DVERSION=\"1.0\" -DHAVE_DLFCN_H=1 -DLT_OBJDIR=\".libs/\"'
DEPDIR='.deps'
DLLTOOL='false'
DSYMUTIL=''
DUMPBIN=''
ECHO_C=''
ECHO_N='-n'
ECHO_T=''
EGREP='/usr/bin/grep -E'
EXEEXT=''
FGREP='/usr/bin/grep -F'
GREP='/usr/bin/grep'
INSTALL_DATA='${INSTALL} -m 644'
INSTALL_PROGRAM='${INSTALL}'
INSTALL_SCRIPT='${INSTALL}'
INSTALL_STRIP_PROGRAM='$(install_sh) -c -s'
LD='/usr/bin/ld -m elf_x86_64'
LDFLAGS=''
LIBOBJS=''
LIBS=''
LIBTOOL='$(SHELL) $(top_builddir)/libtool'
LIPO=''
LN_S='ln -s'
LTLIBOBJS=''
MAKEINFO='${SHELL} /home/akalinow/scratch/EclipseWorkspace/RootAnalysis/missing makeinfo'
MANIFEST_TOOL=':'
MKDIR_P='/usr/bin/mkdir -p'
NM='/usr/bin/nm -B'
NMEDIT=''
OBJDUMP='objdump'
OBJEXT='o'
OTOOL64=''
OTOOL=''
PACKAGE='rootanalysis'
PACKAGE_BUGREPORT=''
PACKAGE_NAME='RootAnalysis'
PACKAGE_STRING='RootAnalysis 1.0'
PACKAGE_TARNAME='rootanalysis'
PACKAGE_URL=''
PACKAGE_VERSION='1.0'
PATH_SEPARATOR=':'
RANLIB='ranlib'
ROOTAUXCFLAGS='-pthread -m64'
ROOTAUXLIBS='-pthread -lm -ldl -rdynamic'
ROOTCFLAGS='-I/usr/include/root'
ROOTCINT='/usr/bin/rootcint'
ROOTCONF='/usr/bin/root-config'
ROOTETCDIR='/usr/share/root'
ROOTEXEC='/usr/bin/root'
ROOTGLIBS='-lGui -lCore -lCint -lRIO -lNet -lHist -lGraf -lGraf3d -lGpad -lTree -lRint -lPostscript -lMatrix -lPhysics -lMathCore -lThread'
ROOTINCDIR='/usr/include/root'
ROOTLIBDIR='/usr/lib64/root'
ROOTLIBS='-lCore -lCint -lRIO -lNet -lHist -lGraf -lGraf3d -lGpad -lTree -lRint -lPostscript -lMatrix -lPhysics -lMathCore -lThread'
ROOTRPATH='/usr/lib64/root'
ROOTSOVERSION='5.34'
ROOTVERSION='5.34/14'
SED='/usr/bin/sed'
SET_MAKE=''
SHELL='/bin/sh'
STRIP='strip'
VERSION='1.0'
ac_ct_AR='ar'
ac_ct_CC='gcc'
ac_ct_CXX='g++'
ac_ct_DUMPBIN=''
am__EXEEXT_FALSE=''
am__EXEEXT_TRUE='#'
am__fastdepCC_FALSE='#'
am__fastdepCC_TRUE=''
am__fastdepCXX_FALSE='#'
am__fastdepCXX_TRUE=''
am__include='include'
am__isrc=''
am__leading_dot='.'
am__nodep='_no'
am__quote=''
am__tar='$${TAR-tar} chof - "$$tardir"'
am__untar='$${TAR-tar} xf -'
bindir='${exec_prefix}/bin'
build='x86_64-unknown-linux-gnu'
build_alias=''
build_cpu='x86_64'
build_os='linux-gnu'
build_vendor='unknown'
datadir='${datarootdir}'
datarootdir='${prefix}/share'
docdir='${datarootdir}/doc/${PACKAGE_TARNAME}'
dvidir='${docdir}'
exec_prefix='${prefix}'
host='x86_64-unknown-linux-gnu'
host_alias=''
host_cpu='x86_64'
host_os='linux-gnu'
host_vendor='unknown'
htmldir='${docdir}'
includedir='${prefix}/include'
infodir='${datarootdir}/info'
install_sh='${SHELL} /home/akalinow/scratch/EclipseWorkspace/RootAnalysis/install-sh'
libdir='${exec_prefix}/lib'
libexecdir='${exec_prefix}/libexec'
localedir='${datarootdir}/locale'
localstatedir='${prefix}/var'
mandir='${datarootdir}/man'
mkdir_p='$(MKDIR_P)'
oldincludedir='/usr/include'
pdfdir='${docdir}'
prefix='/usr/local'
program_transform_name='s,x,x,'
psdir='${docdir}'
sbindir='${exec_prefix}/sbin'
sharedstatedir='${prefix}/com'
sysconfdir='${prefix}/etc'
target='x86_64-unknown-linux-gnu'
target_alias=''
target_cpu='x86_64'
target_os='linux-gnu'
target_vendor='unknown'

## ----------- ##
## confdefs.h. ##
## ----------- ##

/* confdefs.h */
#define PACKAGE_NAME "RootAnalysis"
#define PACKAGE_TARNAME "rootanalysis"
#define PACKAGE_VERSION "1.0"
#define PACKAGE_STRING "RootAnalysis 1.0"
#define PACKAGE_BUGREPORT ""
#define PACKAGE_URL ""
#define HAVE_MKDIR 1
#define STDC_HEADERS 1
#define HAVE_SYS_TYPES_H 1
#define HAVE_SYS_STAT_H 1
#define HAVE_STDLIB_H 1
#define HAVE_STRING_H 1
#define HAVE_MEMORY_H 1
#define HAVE_STRINGS_H 1
#define HAVE_INTTYPES_H 1
#define HAVE_STDINT_H 1
#define HAVE_UNISTD_H 1
#define HAVE__BOOL 1
#define PACKAGE "rootanalysis"
#define VERSION "1.0"
#define HAVE_DLFCN_H 1
#define LT_OBJDIR ".libs/"

configure: exit 0

## ---------------------- ##
## Running config.status. ##
## ---------------------- ##

This file was extended by RootAnalysis config.status 1.0, which was
generated by GNU Autoconf 2.69.  Invocation command line was

  CONFIG_FILES    = 
  CONFIG_HEADERS  = 
  CONFIG_LINKS    = 
  CONFIG_COMMANDS = 
  $ ./config.status 

on hpAK

config.status:1087: creating Makefile
config.status:1087: creating test/Makefile
config.status:1087: creating src/Makefile
config.status:1087: creating include/Makefile
config.status:1259: executing depfiles commands
config.status:1259: executing libtool commands
